03/03/2016 15:06:57 WinNT ::1 admin True /Admin/Page/SmtpServeur.aspx
03/03/2016 15:07:09 WinNT ::1 admin True /Admin/Page/SiteMap.aspx
03/03/2016 15:08:32 WinNT ::1 admin True /page/La-page-daccueil.aspx
03/03/2016 15:09:08 WinNT ::1 admin True /
03/03/2016 15:09:08 WinNT ::1 admin True /
03/03/2016 15:09:10 WinNT ::1 admin True /page/Page-reservee-aux-membres.aspx
03/03/2016 15:09:15 WinNT ::1 admin True /page/La-page-daccueil.aspx
03/03/2016 15:10:11 WinNT ::1 admin True /
03/03/2016 15:10:11 WinNT ::1 admin True /
03/03/2016 15:10:24 WinNT ::1 admin True /page/La-page-daccueil.aspx
03/03/2016 15:10:29 WinNT ::1 admin True /page/ddd.aspx
03/03/2016 15:10:38 WinNT ::1 admin True /page/Page-reservee-aux-membres.aspx
03/03/2016 15:10:42 WinNT ::1 admin True /
03/03/2016 15:10:42 WinNT ::1 admin True /
03/03/2016 15:10:44 WinNT ::1 admin True /page/Page-reservee-aux-membres.aspx
03/03/2016 15:10:47 WinNT ::1 admin True /
03/03/2016 15:10:47 WinNT ::1 admin True /
03/03/2016 15:10:48 WinNT ::1  False /Default.aspx
03/03/2016 15:10:48 WinNT ::1  False /Default.aspx
03/03/2016 15:10:55 WinNT ::1  False /page/La-page-daccueil.aspx
03/03/2016 15:11:07 WinNT ::1  False /page/La-page-daccueil.aspx
03/03/2016 15:11:12 WinNT ::1 admin True /page.aspx?id=a804ff1a-39d2-4cab-982b-a9a0cfe599ac
03/03/2016 15:11:15 WinNT ::1 admin True /Member/Manage.aspx
03/03/2016 15:11:31 WinNT ::1 admin True /Member/Edit.aspx?MembreGUID=a03abd98-eecd-4ec0-b12b-5436b1db2c8c
03/03/2016 15:11:42 WinNT ::1  False /Default.aspx
03/03/2016 15:11:42 WinNT ::1  False /Default.aspx
03/03/2016 15:11:47 WinNT ::1  False /page/la-page-de-bruno-eu.aspx
03/03/2016 15:11:56 WinNT ::1 admin True /page.aspx?id=b476d20a-fc3c-41d7-93e4-bc0c3a068a24
03/03/2016 15:26:23 WinNT ::1  False /PageErreur.aspx
03/03/2016 15:30:58 WinNT ::1  False /
03/03/2016 15:30:58 WinNT ::1  False /
03/03/2016 16:00:30 WinNT ::1  False /
03/03/2016 16:00:41 WinNT ::1  False /
03/03/2016 16:00:46 WinNT ::1  False /page/aaa.aspx
03/03/2016 16:00:46 WinNT ::1  False /PageErreur.Aspx?msg=La%20page%20:%22aaa%22%20n%27est%20pas%20encore%20publi%c3%a9e
03/03/2016 16:00:51 WinNT ::1  False /page/la-page-de-bruno-eu.aspx
03/03/2016 16:00:59 WinNT ::1 admin True /page.aspx?id=b476d20a-fc3c-41d7-93e4-bc0c3a068a24
03/03/2016 16:01:10 WinNT ::1 admin True /
03/03/2016 16:01:10 WinNT ::1 admin True /
03/03/2016 16:01:19 WinNT ::1 admin True /page/ddd.aspx
03/03/2016 16:01:20 WinNT ::1 admin True /page/menu3.aspx
03/03/2016 16:01:23 WinNT ::1 admin True /page/menu-6.aspx
03/03/2016 16:01:47 WinNT ::1 admin True /Admin/Page/Settings.aspx
03/03/2016 16:02:02 WinNT ::1 admin True /
03/03/2016 16:02:02 WinNT ::1 admin True /
03/03/2016 16:02:06 WinNT ::1 admin True /page/Page-daide-du-Site-Vitrine.aspx
03/03/2016 16:04:58 WinNT ::1 admin True /page/ddd.aspx
03/03/2016 16:07:56 WinNT ::1 admin True /page/aaa.aspx
03/03/2016 16:07:56 WinNT ::1 admin True /PageErreur.Aspx?msg=La%20page%20:%22aaa%22%20n%27est%20pas%20encore%20publi%c3%a9e
03/03/2016 16:08:00 WinNT ::1 admin True /page/la-page-de-bruno-eu.aspx
03/03/2016 16:08:04 WinNT ::1 admin True /page/La-page-daccueil.aspx
03/03/2016 16:08:52 WinNT ::1 admin True /Admin/Page/LogUser.aspx
03/03/2016 16:08:57 WinNT ::1 admin True /Admin/Page/SmtpServeur.aspx
03/03/2016 16:09:08 WinNT ::1 admin True /
03/03/2016 16:09:08 WinNT ::1 admin True /
03/03/2016 16:09:14 WinNT ::1 admin True /page/la-page-de-bruno-eu.aspx
03/03/2016 16:15:04 WinNT ::1 admin True /
03/03/2016 16:16:59 WinNT ::1 admin True /
03/03/2016 16:18:46 WinNT ::1 admin True /page/La-page-daccueil.aspx
03/03/2016 16:18:57 WinNT ::1 admin True /page/Page-reservee-aux-membres.aspx
03/03/2016 16:19:08 WinNT ::1 admin True /page/La-page-daccueil.aspx
03/03/2016 16:22:11 WinNT ::1 admin True /page/aaa.aspx
03/03/2016 16:22:13 WinNT ::1 admin True /PageErreur.Aspx?msg=La%20page%20:%22aaa%22%20n%27est%20pas%20encore%20publi%c3%a9e
09/03/2016 12:21:00 WinNT ::1  False /
09/03/2016 12:21:01 WinNT ::1  False /
09/03/2016 12:21:15 WinNT ::1 admin True /default.aspx?id=a804ff1a-39d2-4cab-982b-a9a0cfe599ac
09/03/2016 12:21:15 WinNT ::1 admin True /default.aspx?id=a804ff1a-39d2-4cab-982b-a9a0cfe599ac
09/03/2016 12:21:52 WinNT ::1 admin True /Admin/Page/Settings.aspx
22/04/2016 10:40:54 WinNT ::1  False /
22/04/2016 10:40:54 WinNT ::1  False /
22/04/2016 10:41:35 WinNT ::1  False /page/aaa.aspx
22/04/2016 10:41:35 WinNT ::1  False /PageErreur.Aspx?msg=La%20page%20:"aaa"%20n'est%20pas%20encore%20publi%c3%a9e
25/04/2016 10:43:45 WinNT ::1  False /
25/04/2016 10:43:45 WinNT ::1  False /
25/04/2016 10:53:28 WinNT ::1  False /Default.aspx
25/04/2016 10:53:28 WinNT ::1  False /Default.aspx
25/04/2016 10:53:58 WinNT ::1  False /page/Test-des-CSS.aspx
25/04/2016 10:53:59 WinNT ::1  False /page/aaa.aspx
25/04/2016 10:53:59 WinNT ::1  False /PageErreur.Aspx?msg=La%20page%20:%22aaa%22%20n%27est%20pas%20encore%20publi%c3%a9e
25/04/2016 10:54:02 WinNT ::1  False /page/la-page-de-bruno-eu.aspx
25/04/2016 10:54:03 WinNT ::1  False /page/ddd.aspx
25/04/2016 10:56:49 WinNT ::1  False /page/ddd.aspx
25/04/2016 10:57:58 WinNT ::1  False /page/ddd.aspx
25/04/2016 10:58:24 WinNT ::1  False /page/ddd.aspx
25/04/2016 10:58:27 WinNT ::1  False /page/ddd.aspx
25/04/2016 10:58:28 WinNT ::1  False /page/ddd.aspx
25/04/2016 10:58:43 WinNT ::1  False /page/ddd.aspx
25/04/2016 11:00:19 WinNT ::1  False /page/ddd.aspx
25/04/2016 11:02:06 WinNT ::1  False /page/ddd.aspx
25/04/2016 11:03:13 WinNT ::1 admin True /page.aspx?id=4f8a780c-1197-405b-84e4-e3918f7bd724
25/04/2016 11:07:46 WinNT ::1 admin True /
25/04/2016 11:07:46 WinNT ::1 admin True /
25/04/2016 11:07:55 WinNT ::1 admin True /Admin/Page/LogUser.aspx
25/04/2016 11:08:01 WinNT ::1 admin True /Member/Details.aspx
25/04/2016 11:08:09 WinNT ::1 admin True /Member/Manage.aspx
25/04/2016 11:08:27 WinNT ::1 admin True /Member/Edit.aspx?MembreGUID=f256ae21-5c0e-4e7d-903d-3de9d3b2cb64
25/04/2016 11:08:36 WinNT ::1 admin True /Member/Delete.aspx?MembreGUID=f256ae21-5c0e-4e7d-903d-3de9d3b2cb64
25/04/2016 11:08:43 WinNT ::1 admin True /Member/Manage.aspx
25/04/2016 11:08:50 WinNT ::1 admin True /page/La-page-daccueil.aspx
25/04/2016 11:09:19 WinNT ::1 admin True /WebContent/Edit.aspx?sectionname=BandeauSite&ReturnURL=http%3a%2f%2flocalhost%3a49739%2fpage.aspx%3fid%3da804ff1a-39d2-4cab-982b-a9a0cfe599ac
25/04/2016 11:13:30 WinNT ::1 admin True /page.aspx?id=a804ff1a-39d2-4cab-982b-a9a0cfe599ac
25/04/2016 11:13:35 WinNT ::1 admin True /WebContent/Edit.aspx?sectionname=BandeauSite&ReturnURL=http%3a%2f%2flocalhost%3a49739%2fpage.aspx%3fid%3da804ff1a-39d2-4cab-982b-a9a0cfe599ac
25/04/2016 11:14:09 WinNT ::1 admin True /page.aspx?id=a804ff1a-39d2-4cab-982b-a9a0cfe599ac
25/04/2016 11:14:21 WinNT ::1 admin True /WebContent/Edit.aspx?sectionname=BandeauSite&ReturnURL=http%3a%2f%2flocalhost%3a49739%2fpage.aspx%3fid%3da804ff1a-39d2-4cab-982b-a9a0cfe599ac
25/04/2016 11:14:39 WinNT ::1 admin True /page.aspx?id=a804ff1a-39d2-4cab-982b-a9a0cfe599ac
25/04/2016 11:14:42 WinNT ::1 admin True /Admin/Page/SiteMap.aspx
25/04/2016 11:20:51 WinNT ::1 admin True /
25/04/2016 11:20:51 WinNT ::1 admin True /
25/04/2016 11:21:21 WinNT ::1 admin True /Admin/Page/SiteMap.aspx
25/04/2016 11:25:55 WinNT ::1 admin True /page/Qui-sommes-nous-.aspx
25/04/2016 11:26:20 WinNT ::1 admin True /page/Qui-sommes-nous-.aspx
25/04/2016 11:26:30 WinNT ::1 admin True /page/Qui-sommes-nous-.aspx
25/04/2016 11:26:33 WinNT ::1 admin True /page/Page-reservee-aux-membres.aspx
25/04/2016 11:26:36 WinNT ::1 admin True /page/Qui-sommes-nous-.aspx
25/04/2016 11:26:39 WinNT ::1 admin True /WebContent/Edit.aspx?sectionname=BandeauSite&ReturnURL=http%3a%2f%2flocalhost%3a49739%2fpage.aspx%3fid%3d98ff986f-e463-428a-aac9-8279b03e89cb
25/04/2016 11:27:29 WinNT ::1 admin True /page/Qui-sommes-nous-.aspx
25/04/2016 11:28:32 WinNT ::1 admin True /page/Qui-sommes-nous-.aspx
25/04/2016 11:28:57 WinNT ::1 admin True /
25/04/2016 11:28:57 WinNT ::1 admin True /
25/04/2016 11:28:59 WinNT ::1 admin True /page/La-page-daccueil.aspx
25/04/2016 11:29:06 WinNT ::1 admin True /page/Page-reservee-aux-membres.aspx
25/04/2016 11:29:16 WinNT ::1 admin True /page/Page-daide-du-Site-Vitrine.aspx
25/04/2016 11:31:53 WinNT ::1 admin True /page/Test-des-CSS.aspx
25/04/2016 11:32:26 WinNT ::1 admin True /page/la-page-de-bruno-eu.aspx
25/04/2016 11:32:47 WinNT ::1 admin True /Member/Details.aspx
25/04/2016 11:37:47 WinNT ::1 admin True /page/Page-reservee-aux-membres.aspx
25/04/2016 11:38:26 WinNT ::1 admin True /page/Page-reservee-aux-membres.aspx
25/04/2016 11:42:38 WinNT ::1 admin True /page/Test-des-CSS.aspx
25/04/2016 11:43:04 WinNT ::1 admin True /
25/04/2016 11:43:04 WinNT ::1 admin True /
25/04/2016 11:43:07 WinNT ::1 admin True /page/aaa.aspx
25/04/2016 11:43:07 WinNT ::1 admin True /PageErreur.Aspx?msg=La%20page%20:%22aaa%22%20n%27est%20pas%20encore%20publi%c3%a9e
25/04/2016 11:43:14 WinNT ::1 admin True /page/Test-des-CSS.aspx
25/04/2016 11:43:20 WinNT ::1 admin True /page/aaa.aspx
25/04/2016 11:43:20 WinNT ::1 admin True /PageErreur.Aspx?msg=La%20page%20:%22aaa%22%20n%27est%20pas%20encore%20publi%c3%a9e
25/04/2016 11:44:54 WinNT ::1 admin True /page/Not-Published.aspx
25/04/2016 11:44:54 WinNT ::1 admin True /PageErreur.Aspx?msg=La%20page%20:%22Not%20Published%22%20n%27est%20pas%20encore%20publi%c3%a9e
25/04/2016 11:44:59 WinNT ::1 admin True /page/Not-Published.aspx
25/04/2016 11:44:59 WinNT ::1 admin True /PageErreur.Aspx?msg=La%20page%20:%22Not%20Published%22%20n%27est%20pas%20encore%20publi%c3%a9e
25/04/2016 11:45:57 WinNT ::1 admin True /page/menu-6.aspx
25/04/2016 11:46:25 WinNT ::1 admin True /page/menu-6.aspx
25/04/2016 11:48:50 WinNT ::1 admin True /Admin/Page/SmtpServeur.aspx
25/04/2016 11:48:54 WinNT ::1 admin True /Admin/Page/LogUser.aspx
25/04/2016 11:51:47 WinNT ::1 admin True /page/La-page-daccueil.aspx
25/04/2016 11:51:55 WinNT ::1 admin True /page/menu-6.aspx
25/04/2016 11:52:02 WinNT ::1 admin True /
25/04/2016 11:52:02 WinNT ::1 admin True /
25/04/2016 11:52:05 WinNT ::1 admin True /page/menu-3.aspx
25/04/2016 11:52:15 WinNT ::1 admin True /page/Menu-3-long-texte.aspx
25/04/2016 11:52:18 WinNT ::1 admin True /page/Page-reservee-aux-membres.aspx
25/04/2016 11:52:55 WinNT ::1 admin True /Admin/Page/Settings.aspx
25/04/2016 11:53:52 WinNT ::1 admin True /Admin/Page/Settings.aspx
25/04/2016 11:54:40 WinNT ::1 admin True /
25/04/2016 11:54:40 WinNT ::1 admin True /
25/04/2016 11:54:57 WinNT ::1 admin True /WebContent/Edit.aspx?sectionname=ColonneGauche&ReturnURL=http%3a%2f%2flocalhost%3a49739%2fdefault.aspx%3fid%3da804ff1a-39d2-4cab-982b-a9a0cfe599ac
25/04/2016 11:55:21 WinNT ::1 admin True /default.aspx?id=a804ff1a-39d2-4cab-982b-a9a0cfe599ac
25/04/2016 11:55:21 WinNT ::1 admin True /default.aspx?id=a804ff1a-39d2-4cab-982b-a9a0cfe599ac
25/04/2016 11:55:24 WinNT ::1 admin True /WebContent/Edit.aspx?sectionname=ColonneGauche&ReturnURL=http%3a%2f%2flocalhost%3a49739%2fdefault.aspx%3fid%3da804ff1a-39d2-4cab-982b-a9a0cfe599ac
25/04/2016 11:55:59 WinNT ::1 admin True /default.aspx?id=a804ff1a-39d2-4cab-982b-a9a0cfe599ac
25/04/2016 11:55:59 WinNT ::1 admin True /default.aspx?id=a804ff1a-39d2-4cab-982b-a9a0cfe599ac
25/04/2016 12:01:02 WinNT ::1 admin True /page/Qui-sommes-nous-.aspx
25/04/2016 12:01:24 WinNT ::1 admin True /page/Qui-sommes-nous-.aspx
25/04/2016 12:01:54 WinNT ::1 admin True /page/Qui-sommes-nous-.aspx
25/04/2016 12:02:03 WinNT ::1 admin True /page/Qui-sommes-nous-.aspx
25/04/2016 12:02:05 WinNT ::1 admin True /page/La-page-daccueil.aspx
25/04/2016 12:02:14 WinNT ::1 admin True /page/La-page-daccueil.aspx
25/04/2016 12:02:15 WinNT ::1 admin True /page/La-page-daccueil.aspx
25/04/2016 12:02:27 WinNT ::1 admin True /WebContent/Edit.aspx?sectionname=ColonneGauche&ReturnURL=http%3a%2f%2flocalhost%3a49739%2fpage.aspx%3fid%3da804ff1a-39d2-4cab-982b-a9a0cfe599ac
25/04/2016 12:03:48 WinNT ::1 admin True /page/Qui-sommes-nous-.aspx
25/04/2016 12:03:50 WinNT ::1 admin True /page/La-page-daccueil.aspx
25/04/2016 12:03:52 WinNT ::1 admin True /page/Test-des-CSS.aspx
25/04/2016 12:05:39 WinNT ::1 admin True /page/Tester-les-styles-des-CSS.aspx
25/04/2016 12:05:42 WinNT ::1 admin True /page/Tester-les-styles-des-CSS.aspx
25/04/2016 12:05:43 WinNT ::1 admin True /page/Tester-les-styles-des-CSS.aspx
25/04/2016 12:05:43 WinNT ::1 admin True /page/Tester-les-styles-des-CSS.aspx
25/04/2016 12:08:33 WinNT ::1 admin True /page/Donner-un-exemple-de-styles-automatiques-des-CSS.aspx
25/04/2016 12:08:44 WinNT ::1 admin True /page/La-page-daccueil.aspx
25/04/2016 12:10:49 WinNT ::1 admin True /page/Donner-un-exemple-de-styles-automatiques-des-CSS.aspx
25/04/2016 12:11:37 WinNT ::1 admin True /page/Donner-un-exemple-de-styles-automatiques-des-CSS.aspx
25/04/2016 12:12:38 WinNT ::1 admin True /page/Donner-un-exemple-de-styles-automatiques-des-CSS.aspx
25/04/2016 12:13:02 WinNT ::1 admin True /page/La-page-daccueil.aspx
25/04/2016 12:13:46 WinNT ::1 admin True /page/Donner-un-exemple-de-styles-automatiques-des-CSS.aspx
25/04/2016 12:14:08 WinNT ::1 admin True /
25/04/2016 12:14:08 WinNT ::1 admin True /
25/04/2016 12:14:19 WinNT ::1 admin True /page/Page-daide-du-Site-Vitrine.aspx
25/04/2016 12:14:46 WinNT ::1 admin True /
25/04/2016 12:14:46 WinNT ::1 admin True /
25/04/2016 12:25:25 WinNT ::1 admin True /
25/04/2016 12:25:25 WinNT ::1 admin True /
25/04/2016 12:26:10 WinNT ::1 admin True /
25/04/2016 12:26:10 WinNT ::1 admin True /
25/04/2016 12:26:15 WinNT ::1 admin True /WebContent/Edit.aspx?sectionname=ColonneDroite&ReturnURL=http%3a%2f%2flocalhost%3a49739%2fdefault.aspx%3fid%3da804ff1a-39d2-4cab-982b-a9a0cfe599ac
25/04/2016 12:30:34 WinNT ::1 admin True /default.aspx?id=a804ff1a-39d2-4cab-982b-a9a0cfe599ac
25/04/2016 12:30:34 WinNT ::1 admin True /default.aspx?id=a804ff1a-39d2-4cab-982b-a9a0cfe599ac
25/04/2016 12:30:37 WinNT ::1 admin True /WebContent/Edit.aspx?sectionname=ColonneDroite&ReturnURL=http%3a%2f%2flocalhost%3a49739%2fdefault.aspx%3fid%3da804ff1a-39d2-4cab-982b-a9a0cfe599ac
25/04/2016 12:30:47 WinNT ::1 admin True /default.aspx?id=a804ff1a-39d2-4cab-982b-a9a0cfe599ac
25/04/2016 12:30:47 WinNT ::1 admin True /default.aspx?id=a804ff1a-39d2-4cab-982b-a9a0cfe599ac
25/04/2016 12:30:54 WinNT ::1 admin True /WebContent/Edit.aspx?sectionname=ColonneGauche&ReturnURL=http%3a%2f%2flocalhost%3a49739%2fdefault.aspx%3fid%3da804ff1a-39d2-4cab-982b-a9a0cfe599ac
25/04/2016 12:31:08 WinNT ::1 admin True /default.aspx?id=a804ff1a-39d2-4cab-982b-a9a0cfe599ac
25/04/2016 12:31:08 WinNT ::1 admin True /default.aspx?id=a804ff1a-39d2-4cab-982b-a9a0cfe599ac
25/04/2016 12:31:36 WinNT ::1 admin True /WebContent/Edit.aspx?sectionname=ColonneGauche&ReturnURL=http%3a%2f%2flocalhost%3a49739%2fdefault.aspx%3fid%3da804ff1a-39d2-4cab-982b-a9a0cfe599ac
25/04/2016 12:33:28 WinNT ::1 admin True /page/La-page-daccueil.aspx
25/04/2016 12:34:07 WinNT ::1 admin True /page/La-page-daccueil.aspx
25/04/2016 12:34:20 WinNT ::1 admin True /page/Qui-sommes-nous-.aspx
25/04/2016 12:34:27 WinNT ::1 admin True /page/Page-reservee-aux-membres.aspx
25/04/2016 12:34:29 WinNT ::1 admin True /page/ddd.aspx
25/04/2016 12:34:30 WinNT ::1 admin True /page/La-page-daccueil.aspx
25/04/2016 12:35:04 WinNT ::1 admin True /WebContent/Edit.aspx?sectionname=ColonneDroite&ReturnURL=http%3a%2f%2flocalhost%3a49739%2fpage.aspx%3fid%3da804ff1a-39d2-4cab-982b-a9a0cfe599ac
25/04/2016 12:35:30 WinNT ::1 admin True /page/Qui-sommes-nous-.aspx
25/04/2016 12:35:32 WinNT ::1 admin True /page/Qui-sommes-nous-.aspx
25/04/2016 12:35:39 WinNT ::1 admin True /page/Page-reservee-aux-membres.aspx
25/04/2016 12:35:42 WinNT ::1 admin True /page/Qui-sommes-nous-.aspx
25/04/2016 12:35:57 WinNT ::1 admin True /
25/04/2016 12:35:57 WinNT ::1 admin True /
25/04/2016 12:35:59 WinNT ::1  False /Default.aspx
25/04/2016 12:35:59 WinNT ::1  False /Default.aspx
25/04/2016 12:36:01 WinNT ::1  False /Member/Register.aspx
25/04/2016 12:36:42 WinNT ::1 admin True /Member/Register.aspx
25/04/2016 12:36:44 WinNT ::1 admin True /WebContent/Edit.aspx?sectionname=ColonneGauche&ReturnURL=http%3a%2f%2flocalhost%3a49739%2fMember%2fRegister.aspx
25/04/2016 12:38:13 WinNT ::1 admin True /Member/Register.aspx
25/04/2016 12:38:40 WinNT ::1 admin True /WebContent/Edit.aspx?sectionname=ColonneGauche&ReturnURL=http%3a%2f%2flocalhost%3a49739%2fMember%2fRegister.aspx
25/04/2016 12:39:30 WinNT ::1 admin True /Member/Details.aspx
25/04/2016 12:39:35 WinNT ::1 admin True /Member/Manage.aspx
25/04/2016 12:39:45 WinNT ::1 admin True /Member/Edit.aspx?MembreGUID=941c4133-4be3-440b-a2ac-1b2585d06226
25/04/2016 12:39:47 WinNT ::1 admin True /Member/Delete.aspx?MembreGUID=941c4133-4be3-440b-a2ac-1b2585d06226
25/04/2016 12:39:52 WinNT ::1 admin True /Member/Manage.aspx
25/04/2016 12:40:04 WinNT ::1 admin True /Member/Edit.aspx?MembreGUID=a03abd98-eecd-4ec0-b12b-5436b1db2c8c
25/04/2016 12:40:10 WinNT ::1 admin True /Admin/Page/Settings.aspx
25/04/2016 12:40:20 WinNT ::1 admin True /
25/04/2016 12:40:20 WinNT ::1 admin True /
25/04/2016 12:40:23 WinNT ::1 admin True /Member/Manage.aspx
25/04/2016 12:40:26 WinNT ::1 admin True /Member/Edit.aspx?MembreGUID=084cc507-4165-4ee9-9778-5a790b9b42d1
25/04/2016 12:41:02 WinNT ::1 admin True /page/La-page-daccueil.aspx
25/04/2016 12:41:07 WinNT ::1 admin True /
25/04/2016 12:41:07 WinNT ::1 admin True /
25/04/2016 12:41:08 WinNT ::1  False /Default.aspx
25/04/2016 12:41:08 WinNT ::1  False /Default.aspx
25/04/2016 12:41:12 WinNT ::1  False /Member/Register.aspx
25/04/2016 12:41:27 WinNT ::1  False /page/La-page-daccueil.aspx
25/04/2016 12:41:39 WinNT ::1 admin True /page.aspx?id=a804ff1a-39d2-4cab-982b-a9a0cfe599ac
25/04/2016 12:41:42 WinNT ::1 admin True /WebContent/Edit.aspx?sectionname=ColonneGauche&ReturnURL=http%3a%2f%2flocalhost%3a49739%2fpage.aspx%3fid%3da804ff1a-39d2-4cab-982b-a9a0cfe599ac
25/04/2016 12:42:08 WinNT ::1 admin True /page/Donner-un-exemple-de-styles-automatiques-des-CSS.aspx
25/04/2016 12:42:29 WinNT ::1 admin True /page/la-page-de-bruno-eu.aspx
25/04/2016 12:42:49 WinNT ::1 admin True /page/la-page-de-bruno-eu.aspx
25/04/2016 12:42:54 WinNT ::1 admin True /page/Not-Published.aspx
25/04/2016 12:42:54 WinNT ::1 admin True /PageErreur.Aspx?msg=La%20page%20:%22Not%20Published%22%20n%27est%20pas%20encore%20publi%c3%a9e
25/04/2016 13:57:16 WinNT ::1  False /
25/04/2016 13:57:16 WinNT ::1  False /
25/04/2016 13:57:38 WinNT ::1 admin True /default.aspx?id=a804ff1a-39d2-4cab-982b-a9a0cfe599ac
25/04/2016 13:57:38 WinNT ::1 admin True /default.aspx?id=a804ff1a-39d2-4cab-982b-a9a0cfe599ac
25/04/2016 13:57:42 WinNT ::1 admin True /WebContent/Edit.aspx?sectionname=ColonneGauche&ReturnURL=http%3a%2f%2flocalhost%3a49739%2fdefault.aspx%3fid%3da804ff1a-39d2-4cab-982b-a9a0cfe599ac
25/04/2016 13:58:28 WinNT ::1 admin True /default.aspx?id=a804ff1a-39d2-4cab-982b-a9a0cfe599ac
25/04/2016 13:58:28 WinNT ::1 admin True /default.aspx?id=a804ff1a-39d2-4cab-982b-a9a0cfe599ac
25/04/2016 13:58:43 WinNT ::1 admin True /WebContent/Edit.aspx?sectionname=ColonneGauche&ReturnURL=http%3a%2f%2flocalhost%3a49739%2fdefault.aspx%3fid%3da804ff1a-39d2-4cab-982b-a9a0cfe599ac
25/04/2016 13:58:59 WinNT ::1 admin True /default.aspx?id=a804ff1a-39d2-4cab-982b-a9a0cfe599ac
25/04/2016 13:58:59 WinNT ::1 admin True /default.aspx?id=a804ff1a-39d2-4cab-982b-a9a0cfe599ac
25/04/2016 13:59:23 WinNT ::1 admin True /
25/04/2016 13:59:23 WinNT ::1 admin True /
25/04/2016 13:59:24 WinNT ::1  False /Default.aspx
25/04/2016 13:59:24 WinNT ::1  False /Default.aspx
25/04/2016 13:59:30 WinNT ::1  False /Member/Register.aspx
25/04/2016 14:00:04 WinNT ::1  False /WebContent/Edit.aspx?sectionname=ColonneGauche&ReturnURL=http%3a%2f%2flocalhost%3a49739%2fdefault.aspx%3fid%3da804ff1a-39d2-4cab-982b-a9a0cfe599ac
25/04/2016 14:00:04 WinNT ::1  False /PageErreur.Aspx?msg=Vous%20n%27avez%20pas%20les%20droits%20pour%20%c3%a9diter%20ce%20contenu.
25/04/2016 14:00:11 WinNT ::1 admin True /PageErreur.Aspx?msg=Vous%20n%27avez%20pas%20les%20droits%20pour%20%c3%a9diter%20ce%20contenu.
25/04/2016 14:00:13 WinNT ::1 admin True /WebContent/Edit.aspx?sectionname=ColonneGauche&ReturnURL=http%3a%2f%2flocalhost%3a49739%2fPageErreur.Aspx%3fmsg%3dVous+n%27avez+pas+les+droits+pour+%c3%a9diter+ce+contenu.
25/04/2016 14:00:37 WinNT ::1 admin True /PageErreur.Aspx?msg=Vous%20n%27avez%20pas%20les%20droits%20pour%20%c3%a9diter%20ce%20contenu.
25/04/2016 14:00:57 WinNT ::1 admin True /page/Qui-sommes-nous-.aspx
25/04/2016 14:01:23 WinNT ::1 admin True /WebContent/Edit.aspx?sectionname=ColonneGauche&ReturnURL=http%3a%2f%2flocalhost%3a49739%2fpage.aspx%3fid%3d98ff986f-e463-428a-aac9-8279b03e89cb
25/04/2016 14:02:01 WinNT ::1 admin True /page.aspx?id=98ff986f-e463-428a-aac9-8279b03e89cb
25/04/2016 14:02:18 WinNT ::1 admin True /WebContent/Edit.aspx?sectionname=ColonneGauche&ReturnURL=http%3a%2f%2flocalhost%3a49739%2fMember%2fLogin.aspx%3fReturnURL%3d%7e%2fdefault.aspx
25/04/2016 14:02:45 WinNT ::1 admin True /Member/Register.aspx
25/04/2016 14:02:54 WinNT ::1  False /Default.aspx
25/04/2016 14:02:54 WinNT ::1  False /Default.aspx
25/04/2016 14:02:57 WinNT ::1 admin True /default.aspx
25/04/2016 14:02:57 WinNT ::1 admin True /default.aspx
25/04/2016 14:03:57 WinNT ::1 admin True /WebContent/Edit.aspx?sectionname=EnpiedSite&ReturnURL=http%3a%2f%2flocalhost%3a49739%2fdefault.aspx%3fid%3da804ff1a-39d2-4cab-982b-a9a0cfe599ac
25/04/2016 14:04:28 WinNT ::1 admin True /default.aspx?id=a804ff1a-39d2-4cab-982b-a9a0cfe599ac
25/04/2016 14:04:28 WinNT ::1 admin True /default.aspx?id=a804ff1a-39d2-4cab-982b-a9a0cfe599ac
25/04/2016 14:04:32 WinNT ::1 admin True /page/Qui-sommes-nous-.aspx
25/04/2016 14:04:38 WinNT ::1 admin True /
25/04/2016 14:04:38 WinNT ::1 admin True /
25/04/2016 14:04:39 WinNT ::1  False /Default.aspx
25/04/2016 14:04:39 WinNT ::1  False /Default.aspx
25/04/2016 14:04:41 WinNT ::1  False /page/La-page-daccueil.aspx
25/04/2016 14:04:44 WinNT ::1  False /page/Not-Published.aspx
25/04/2016 14:04:44 WinNT ::1  False /PageErreur.Aspx?msg=La%20page%20:%22Not%20Published%22%20n%27est%20pas%20encore%20publi%c3%a9e
25/04/2016 14:04:54 WinNT ::1 admin True /default.aspx
25/04/2016 14:04:54 WinNT ::1 admin True /default.aspx
25/04/2016 14:04:58 WinNT ::1 admin True /WebContent/Edit.aspx?sectionname=ColonneGauche&ReturnURL=http%3a%2f%2flocalhost%3a49739%2fdefault.aspx%3fid%3da804ff1a-39d2-4cab-982b-a9a0cfe599ac
25/04/2016 14:05:33 WinNT ::1 admin True /default.aspx?id=a804ff1a-39d2-4cab-982b-a9a0cfe599ac
25/04/2016 14:05:33 WinNT ::1 admin True /default.aspx?id=a804ff1a-39d2-4cab-982b-a9a0cfe599ac
25/04/2016 14:05:36 WinNT ::1 admin True /Member/Register.aspx
25/04/2016 14:05:43 WinNT ::1 admin True /Member/Register.aspx
25/04/2016 14:05:47 WinNT ::1 admin True /WebContent/Edit.aspx?sectionname=ColonneGauche&ReturnURL=http%3a%2f%2flocalhost%3a49739%2fMember%2fRegister.aspx
25/04/2016 14:06:17 WinNT ::1 admin True /Member/Register.aspx
25/04/2016 14:06:20 WinNT ::1 admin True /page/Page-daide-du-Site-Vitrine.aspx
25/04/2016 14:06:26 WinNT ::1 admin True /page/La-page-daccueil.aspx
25/04/2016 14:10:54 WinNT ::1 admin True /WebContent/Edit.aspx?sectionname=ColonneGauche&ReturnURL=http%3a%2f%2flocalhost%3a49739%2fpage.aspx%3fid%3da804ff1a-39d2-4cab-982b-a9a0cfe599ac
25/04/2016 14:11:08 WinNT ::1 admin True /page.aspx?id=a804ff1a-39d2-4cab-982b-a9a0cfe599ac
25/04/2016 14:11:11 WinNT ::1 admin True /WebContent/Edit.aspx?sectionname=ColonneGauche&ReturnURL=http%3a%2f%2flocalhost%3a49739%2fpage.aspx%3fid%3da804ff1a-39d2-4cab-982b-a9a0cfe599ac
25/04/2016 14:16:07 WinNT ::1 admin True /page.aspx?id=a804ff1a-39d2-4cab-982b-a9a0cfe599ac
25/04/2016 14:16:12 WinNT ::1 admin True /page/Not-Published.aspx
25/04/2016 14:16:12 WinNT ::1 admin True /PageErreur.Aspx?msg=La%20page%20:%22Not%20Published%22%20n%27est%20pas%20encore%20publi%c3%a9e
25/04/2016 14:19:59 WinNT ::1 admin True /
25/04/2016 14:19:59 WinNT ::1 admin True /
25/04/2016 14:20:02 WinNT ::1 admin True /WebContent/Edit.aspx?sectionname=BandeauSite&ReturnURL=http%3a%2f%2flocalhost%3a49739%2fdefault.aspx%3fid%3da804ff1a-39d2-4cab-982b-a9a0cfe599ac
25/04/2016 14:20:40 WinNT ::1 admin True /default.aspx?id=a804ff1a-39d2-4cab-982b-a9a0cfe599ac
25/04/2016 14:20:40 WinNT ::1 admin True /default.aspx?id=a804ff1a-39d2-4cab-982b-a9a0cfe599ac
25/04/2016 14:20:50 WinNT ::1 admin True /page/La-page-daccueil.aspx
25/04/2016 14:22:52 WinNT ::1 admin True /page/Home-page.aspx
25/04/2016 14:22:57 WinNT ::1 admin True /page/Qui-sommes-nous-.aspx
25/04/2016 14:23:00 WinNT ::1 admin True /Admin/Page/SiteMap.aspx
25/04/2016 14:23:20 WinNT ::1 admin True /
25/04/2016 14:23:20 WinNT ::1 admin True /
25/04/2016 14:23:23 WinNT ::1 admin True /page/Qui-sommes-nous-.aspx
25/04/2016 14:26:21 WinNT ::1 admin True /page/Where-all-this-come-from-.aspx
25/04/2016 14:26:32 WinNT ::1 admin True /page/Home-page.aspx
25/04/2016 14:27:10 WinNT ::1 admin True /page/Where-all-this-come-from-.aspx
25/04/2016 14:28:37 WinNT ::1 admin True /Admin/Page/SiteMap.aspx
25/04/2016 14:29:51 WinNT ::1 admin True /
25/04/2016 14:29:51 WinNT ::1 admin True /
25/04/2016 14:29:56 WinNT ::1 admin True /page/ddd.aspx
25/04/2016 14:30:33 WinNT ::1 admin True /page/menu3.aspx
25/04/2016 14:30:34 WinNT ::1 admin True /page/menu1.aspx
25/04/2016 14:30:36 WinNT ::1 admin True /page/sous-menu-2.aspx
25/04/2016 14:30:39 WinNT ::1 admin True /page/Page-reservee-aux-membres.aspx
25/04/2016 14:30:40 WinNT ::1 admin True /page/ddd.aspx
25/04/2016 14:31:37 WinNT ::1 admin True /Admin/Page/StyleSheet.aspx
25/04/2016 14:31:42 WinNT ::1 admin True /Admin/Page/SiteMap.aspx
25/04/2016 14:32:14 WinNT ::1 admin True /
25/04/2016 14:32:14 WinNT ::1 admin True /
25/04/2016 14:34:25 WinNT ::1 admin True /
25/04/2016 14:34:25 WinNT ::1 admin True /
25/04/2016 14:35:41 WinNT ::1 admin True /
25/04/2016 14:35:41 WinNT ::1 admin True /
25/04/2016 14:35:43 WinNT ::1 admin True /Default.aspx
25/04/2016 14:35:43 WinNT ::1 admin True /Default.aspx
25/04/2016 14:35:45 WinNT ::1 admin True /page/Where-all-this-come-from-.aspx
25/04/2016 14:35:47 WinNT ::1 admin True /page/Home-page.aspx
25/04/2016 14:35:50 WinNT ::1 admin True /Default.aspx
25/04/2016 14:35:50 WinNT ::1 admin True /Default.aspx
25/04/2016 14:36:10 WinNT ::1 admin True /Admin/Page/SiteMap.aspx
25/04/2016 14:36:23 WinNT ::1 admin True /
25/04/2016 14:36:23 WinNT ::1 admin True /
25/04/2016 14:36:25 WinNT ::1 admin True /page/Where-all-this-come-from-.aspx
25/04/2016 14:36:29 WinNT ::1 admin True /page/Home-page.aspx
25/04/2016 14:36:45 WinNT ::1 admin True /Admin/Page/SiteMap.aspx
25/04/2016 14:37:01 WinNT ::1 admin True /
25/04/2016 14:37:01 WinNT ::1 admin True /
25/04/2016 14:37:04 WinNT ::1 admin True /page/Home-page.aspx
25/04/2016 14:37:07 WinNT ::1 admin True /page/Where-all-this-come-from-.aspx
25/04/2016 14:37:18 WinNT ::1 admin True /page/ddd.aspx
25/04/2016 14:37:41 WinNT ::1 admin True /
25/04/2016 14:37:41 WinNT ::1 admin True /
25/04/2016 14:37:50 WinNT ::1 admin True /page/Title.aspx
25/04/2016 14:38:12 WinNT ::1 admin True /
25/04/2016 14:38:12 WinNT ::1 admin True /
25/04/2016 14:38:15 WinNT ::1 admin True /page/Title-of-main-menu.aspx
25/04/2016 14:38:33 WinNT ::1 admin True /page/Home-page.aspx
25/04/2016 14:39:32 WinNT ::1 admin True /page/Home-page.aspx
25/04/2016 14:39:38 WinNT ::1 admin True /page/menu.aspx
25/04/2016 14:39:51 WinNT ::1 admin True /page/Where-all-this-come-from-.aspx
25/04/2016 14:39:56 WinNT ::1 admin True /page/Title-of-main-menu.aspx
25/04/2016 14:40:15 WinNT ::1 admin True /Admin/Page/SiteMap.aspx
25/04/2016 14:40:33 WinNT ::1 admin True /
25/04/2016 14:40:33 WinNT ::1 admin True /
25/04/2016 14:40:35 WinNT ::1 admin True /page/Title-of-main-menu.aspx
25/04/2016 14:41:16 WinNT ::1 admin True /page/menu.aspx
25/04/2016 14:41:47 WinNT ::1 admin True /page/Menu-2.aspx
25/04/2016 14:41:50 WinNT ::1 admin True /page/Menu-2.aspx
25/04/2016 14:42:07 WinNT ::1 admin True /page/menu-12.aspx
25/04/2016 14:42:14 WinNT ::1 admin True /page/menu1.aspx
25/04/2016 14:42:19 WinNT ::1 admin True /page/Menu-2.aspx
25/04/2016 14:42:25 WinNT ::1 admin True /page/Menu-2.aspx
25/04/2016 14:42:49 WinNT ::1 admin True /page/Menu-1.aspx
25/04/2016 14:42:54 WinNT ::1 admin True /page/menu3.aspx
25/04/2016 14:42:58 WinNT ::1 admin True /page/menu3.aspx
25/04/2016 14:43:15 WinNT ::1 admin True /page/menu-2.aspx
25/04/2016 14:43:20 WinNT ::1 admin True /page/menu-12.aspx
25/04/2016 14:43:47 WinNT ::1 admin True /page/menu-12.aspx
25/04/2016 14:43:51 WinNT ::1 admin True /page/menu-12.aspx
25/04/2016 14:43:55 WinNT ::1 admin True /page/Menu-1.aspx
25/04/2016 14:44:12 WinNT ::1 admin True /page/menu-12.aspx
25/04/2016 14:44:52 WinNT ::1 admin True /Admin/Page/SiteMap.aspx
25/04/2016 14:44:58 WinNT ::1 admin True /
25/04/2016 14:44:58 WinNT ::1 admin True /
25/04/2016 14:45:31 WinNT ::1 admin True /
25/04/2016 14:45:31 WinNT ::1 admin True /
25/04/2016 14:47:47 WinNT ::1 admin True /
25/04/2016 14:47:47 WinNT ::1 admin True /
25/04/2016 14:47:49 WinNT ::1 admin True /page/Title-of-main-menu.aspx
25/04/2016 14:47:54 WinNT ::1 admin True /page/Menu-1.aspx
25/04/2016 14:48:01 WinNT ::1 admin True /page/Menu-1.aspx
25/04/2016 14:48:02 WinNT ::1 admin True /page/Title-of-main-menu.aspx
25/04/2016 14:48:04 WinNT ::1 admin True /page/Title-of-main-menu.aspx
25/04/2016 14:48:33 WinNT ::1 admin True /page/Title-of-main-menu.aspx
25/04/2016 14:48:38 WinNT ::1 admin True /page/menu-12.aspx
25/04/2016 14:48:47 WinNT ::1 admin True /Admin/Page/SiteMap.aspx
25/04/2016 14:49:36 WinNT ::1 admin True /
25/04/2016 14:49:36 WinNT ::1 admin True /
25/04/2016 14:49:40 WinNT ::1 admin True /page/menu-12.aspx
25/04/2016 14:49:42 WinNT ::1 admin True /page/Menu-1.aspx
25/04/2016 14:50:41 WinNT ::1 admin True /page/Menu-1.aspx
25/04/2016 14:50:44 WinNT ::1 admin True /page/Title-of-main-menu.aspx
25/04/2016 14:51:02 WinNT ::1 admin True /page/menu-12.aspx
25/04/2016 14:51:04 WinNT ::1 admin True /page/Menu-1.aspx
25/04/2016 14:51:31 WinNT ::1 admin True /Admin/Page/SiteMap.aspx
25/04/2016 14:51:38 WinNT ::1 admin True /
25/04/2016 14:51:38 WinNT ::1 admin True /
25/04/2016 14:53:11 WinNT ::1 admin True /
25/04/2016 14:53:11 WinNT ::1 admin True /
25/04/2016 14:53:47 WinNT ::1 admin True /
25/04/2016 14:53:47 WinNT ::1 admin True /
25/04/2016 14:53:56 WinNT ::1 admin True /page/Home-page.aspx
25/04/2016 14:55:05 WinNT ::1 admin True /page/Where-all-this-come-from-.aspx
25/04/2016 14:55:08 WinNT ::1 admin True /page/Home-page.aspx
25/04/2016 14:55:23 WinNT ::1 admin True /page/menu-12.aspx
25/04/2016 14:55:25 WinNT ::1 admin True /page/Title-of-main-menu.aspx
25/04/2016 14:55:28 WinNT ::1 admin True /page/menu-2.aspx
25/04/2016 14:55:41 WinNT ::1 admin True /page/menu-2.aspx
25/04/2016 14:55:51 WinNT ::1 admin True /page/Title-of-main-menu.aspx
25/04/2016 14:56:52 WinNT ::1 admin True /page/Title-of-main-menu.aspx
25/04/2016 14:57:41 WinNT ::1 admin True /page/Page-reservee-aux-membres.aspx
25/04/2016 14:59:08 WinNT ::1 admin True /page/This-page-is-reserved-to-members.aspx
25/04/2016 14:59:34 WinNT ::1 admin True /page/This-page-is-reserved-to-members.aspx
25/04/2016 14:59:51 WinNT ::1 admin True /page/Menu-1.aspx
25/04/2016 14:59:53 WinNT ::1 admin True /page/menu-2.aspx
25/04/2016 15:00:09 WinNT ::1 admin True /
25/04/2016 15:00:09 WinNT ::1 admin True /
25/04/2016 15:00:31 WinNT ::1 admin True /page/menu-12.aspx
25/04/2016 15:01:03 WinNT ::1 admin True /page/Menu-1.aspx
25/04/2016 15:01:08 WinNT ::1 admin True /page/menu-12.aspx
25/04/2016 15:01:12 WinNT ::1 admin True /page/menu-2.aspx
25/04/2016 15:01:24 WinNT ::1 admin True /page/menu5.aspx
25/04/2016 15:01:45 WinNT ::1 admin True /page/menu-3s-Title.aspx
25/04/2016 15:01:52 WinNT ::1 admin True /page/menu-2.aspx
25/04/2016 15:02:03 WinNT ::1 admin True /
25/04/2016 15:02:03 WinNT ::1 admin True /
25/04/2016 15:02:17 WinNT ::1 admin True /page/sous-menu-2.aspx
25/04/2016 15:02:29 WinNT ::1 admin True /page/sous-menu-2.aspx
25/04/2016 15:02:36 WinNT ::1 admin True /page/menu-6.aspx
25/04/2016 15:02:51 WinNT ::1 admin True /page/menu-3.aspx
25/04/2016 15:03:15 WinNT ::1 admin True /page/menu1.aspx
25/04/2016 15:03:22 WinNT ::1 admin True /page/menu1.aspx
25/04/2016 15:03:30 WinNT ::1 admin True /page/menu-5.aspx
25/04/2016 15:03:44 WinNT ::1 admin True /page/menu-5s-Title.aspx
25/04/2016 15:03:47 WinNT ::1 admin True /page/menu1.aspx
25/04/2016 15:03:55 WinNT ::1 admin True /page/menu-12.aspx
25/04/2016 15:04:10 WinNT ::1 admin True /page/menu-11s-Title.aspx
25/04/2016 15:04:18 WinNT ::1 admin True /page/menu-3.aspx
25/04/2016 15:04:22 WinNT ::1 admin True /page/Menu-3-long-texte.aspx
25/04/2016 15:04:25 WinNT ::1 admin True /page/menu-12.aspx
25/04/2016 15:04:41 WinNT ::1 admin True /page/menu-12s.aspx
25/04/2016 15:04:43 WinNT ::1 admin True /page/Title-of-main-menu.aspx
25/04/2016 15:04:51 WinNT ::1 admin True /page/sous-menu-2.aspx
25/04/2016 15:05:40 WinNT ::1 admin True /page/Sub-menu-11s-Title.aspx
25/04/2016 15:05:46 WinNT ::1 admin True /page/Menu-3-long-texte.aspx
25/04/2016 15:06:26 WinNT ::1 admin True /page/sub-menu-3-with-a-long-texts-Title.aspx
25/04/2016 15:06:36 WinNT ::1 admin True /page/menu-3.aspx
25/04/2016 15:06:51 WinNT ::1 admin True /page/sub-menu-3.aspx
25/04/2016 15:06:54 WinNT ::1 admin True /page/Menu-1.aspx
25/04/2016 15:07:00 WinNT ::1 admin True /page/sub-menu-3.aspx
25/04/2016 15:07:02 WinNT ::1 admin True /page/Menu-1.aspx
25/04/2016 15:07:05 WinNT ::1 admin True /page/menu-11s-Title.aspx
25/04/2016 15:07:24 WinNT ::1 admin True /Admin/Page/SiteMap.aspx
25/04/2016 15:07:47 WinNT ::1 admin True /
25/04/2016 15:07:47 WinNT ::1 admin True /
25/04/2016 15:07:49 WinNT ::1 admin True /page/Title-of-main-menu.aspx
25/04/2016 15:08:29 WinNT ::1 admin True /page/Title-of-main-menu.aspx
25/04/2016 15:08:36 WinNT ::1 admin True /page/Menu-1.aspx
25/04/2016 15:08:38 WinNT ::1 admin True /page/menu-3s-Title.aspx
25/04/2016 15:08:38 WinNT ::1 admin True /page/Title-of-main-menu.aspx
25/04/2016 15:08:40 WinNT ::1 admin True /page/menu-2.aspx
25/04/2016 15:08:42 WinNT ::1 admin True /page/menu-3s-Title.aspx
25/04/2016 15:08:45 WinNT ::1 admin True /page/menu-5s-Title.aspx
25/04/2016 15:08:51 WinNT ::1 admin True /page/menu-3s-Title.aspx
25/04/2016 15:09:01 WinNT ::1 admin True /page/menu-3s-Title.aspx
25/04/2016 15:09:42 WinNT ::1 admin True /Admin/Page/Settings.aspx
25/04/2016 15:09:44 WinNT ::1 admin True /
25/04/2016 15:09:44 WinNT ::1 admin True /
25/04/2016 15:09:47 WinNT ::1 admin True /page/menu-3s-Title.aspx
25/04/2016 15:09:55 WinNT ::1 admin True /page/menu-11s-Title.aspx
25/04/2016 15:10:11 WinNT ::1 admin True /page/Where-all-this-come-from-.aspx
25/04/2016 15:10:26 WinNT ::1 admin True /page/Menu-1.aspx
25/04/2016 15:10:33 WinNT ::1 admin True /page/menu-2.aspx
25/04/2016 15:10:54 WinNT ::1 admin True /page/menu-2.aspx
25/04/2016 15:11:47 WinNT ::1 admin True /page/menu-3s-Title.aspx
25/04/2016 15:12:23 WinNT ::1 admin True /page/menu-3s-Title.aspx
25/04/2016 15:12:25 WinNT ::1 admin True /page/Title-of-main-menu.aspx
25/04/2016 15:12:27 WinNT ::1 admin True /page/menu-3s-Title.aspx
25/04/2016 15:13:07 WinNT ::1 admin True /Admin/Page/SiteMap.aspx
25/04/2016 15:13:14 WinNT ::1 admin True /
25/04/2016 15:13:14 WinNT ::1 admin True /
25/04/2016 15:13:17 WinNT ::1 admin True /page/menu-3s-Title.aspx
25/04/2016 15:13:19 WinNT ::1 admin True /page/menu-2.aspx
25/04/2016 15:13:27 WinNT ::1 admin True /page/Title-of-main-menu.aspx
25/04/2016 15:13:29 WinNT ::1 admin True /page/menu-11s-Title.aspx
25/04/2016 15:13:34 WinNT ::1 admin True /page/Menu-1.aspx
25/04/2016 15:13:36 WinNT ::1 admin True /page/menu-11s-Title.aspx
25/04/2016 15:14:42 WinNT ::1 admin True /Admin/Page/SiteMap.aspx
25/04/2016 15:14:47 WinNT ::1 admin True /
25/04/2016 15:14:47 WinNT ::1 admin True /
25/04/2016 15:14:51 WinNT ::1 admin True /page/menu-11s-Title.aspx
25/04/2016 15:14:57 WinNT ::1 admin True /page/menu-11s-Title.aspx
25/04/2016 15:15:11 WinNT ::1 admin True /page/menu-11s-Title.aspx
25/04/2016 15:15:24 WinNT ::1 admin True /page/menu-12s.aspx
25/04/2016 15:15:33 WinNT ::1 admin True /page/menu-12s.aspx
25/04/2016 15:15:43 WinNT ::1 admin True /page/menu-12.aspx
25/04/2016 15:15:52 WinNT ::1 admin True /page/menu-11s-Title.aspx
25/04/2016 15:16:12 WinNT ::1 admin True /page/menu-11s-Title.aspx
25/04/2016 15:16:33 WinNT ::1 admin True /page/Sub-menu-11s-Title.aspx
25/04/2016 15:16:50 WinNT ::1 admin True /Admin/Page/SiteMap.aspx
25/04/2016 15:16:56 WinNT ::1 admin True /
25/04/2016 15:16:56 WinNT ::1 admin True /
25/04/2016 15:18:20 WinNT ::1 admin True /
25/04/2016 15:18:20 WinNT ::1 admin True /
25/04/2016 15:19:21 WinNT ::1 admin True /
25/04/2016 15:19:21 WinNT ::1 admin True /
25/04/2016 15:19:28 WinNT ::1 admin True /
25/04/2016 15:19:28 WinNT ::1 admin True /
25/04/2016 15:20:03 WinNT ::1 admin True /
25/04/2016 15:20:03 WinNT ::1 admin True /
25/04/2016 15:22:52 WinNT ::1 admin True /page/Menu-1.aspx
25/04/2016 15:24:18 WinNT ::1 admin True /page/menu-11s-Title.aspx
25/04/2016 15:24:22 WinNT ::1 admin True /page/Sub-menu-11s-Title.aspx
25/04/2016 15:24:32 WinNT ::1 admin True /page/menu-12.aspx
25/04/2016 15:24:37 WinNT ::1 admin True /page/Menu-1.aspx
25/04/2016 15:24:41 WinNT ::1 admin True /page/menu-11s-Title.aspx
25/04/2016 15:24:45 WinNT ::1 admin True /page/Sub-menu-11s-Title.aspx
25/04/2016 15:24:53 WinNT ::1 admin True /page/menu-12.aspx
25/04/2016 15:24:57 WinNT ::1 admin True /page/Menu-1.aspx
25/04/2016 15:25:00 WinNT ::1 admin True /page/menu1.aspx
25/04/2016 15:25:05 WinNT ::1 admin True /page/Sub-menu-11s-Title.aspx
25/04/2016 15:25:40 WinNT ::1 admin True /page/menu-3s-Title.aspx
25/04/2016 15:25:42 WinNT ::1 admin True /page/Title-of-main-menu.aspx
25/04/2016 15:25:44 WinNT ::1 admin True /page/menu-2.aspx
25/04/2016 15:25:46 WinNT ::1 admin True /page/Title-of-main-menu.aspx
25/04/2016 15:25:49 WinNT ::1 admin True /page/menu-12.aspx
25/04/2016 15:25:56 WinNT ::1 admin True /page/Sub-menu-11s-Title.aspx
25/04/2016 15:26:09 WinNT ::1 admin True /Admin/Page/SiteMap.aspx
25/04/2016 15:26:18 WinNT ::1 admin True /
25/04/2016 15:26:18 WinNT ::1 admin True /
25/04/2016 15:26:24 WinNT ::1 admin True /page/Sub-menu-11s-Title.aspx
25/04/2016 15:26:28 WinNT ::1 admin True /page/menu-11s-Title.aspx
25/04/2016 15:26:46 WinNT ::1 admin True /page/Menu-1.aspx
25/04/2016 15:26:50 WinNT ::1 admin True /page/Sub-menu-11s-Title.aspx
25/04/2016 15:27:03 WinNT ::1 admin True /page/menu-11s-Title.aspx
25/04/2016 15:27:20 WinNT ::1 admin True /page/Sub-menu-11s-Title.aspx
25/04/2016 15:28:13 WinNT ::1 admin True /Admin/Page/SiteMap.aspx
25/04/2016 15:28:20 WinNT ::1 admin True /
25/04/2016 15:28:20 WinNT ::1 admin True /
25/04/2016 15:28:23 WinNT ::1 admin True /page/Sub-menu-11s-Title.aspx
25/04/2016 15:28:27 WinNT ::1 admin True /page/menu-11s-Title.aspx
25/04/2016 15:28:30 WinNT ::1 admin True /page/Menu-1.aspx
25/04/2016 15:28:31 WinNT ::1 admin True /page/Title-of-main-menu.aspx
25/04/2016 15:28:37 WinNT ::1 admin True /page/This-page-is-reserved-to-members.aspx
25/04/2016 15:30:07 WinNT ::1 admin True /page/Donner-un-exemple-de-styles-automatiques-des-CSS.aspx
25/04/2016 15:31:02 WinNT ::1 admin True /
25/04/2016 15:31:02 WinNT ::1 admin True /
25/04/2016 15:31:05 WinNT ::1 admin True /page/Sample-of-CSSs-automatic-styles.aspx
25/04/2016 15:31:14 WinNT ::1 admin True /page/la-page-de-bruno-eu.aspx
25/04/2016 15:31:34 WinNT ::1 admin True /
25/04/2016 15:31:34 WinNT ::1 admin True /
25/04/2016 15:31:35 WinNT ::1 admin True /page/Brunos-page.aspx
25/04/2016 15:31:47 WinNT ::1 admin True /page/Page-daide-du-Site-Vitrine.aspx
25/04/2016 15:33:31 WinNT ::1 admin True /page/Help-pages-of-the-Dynamic-Showcase-Site.aspx
25/04/2016 15:33:46 WinNT ::1 admin True /WebContent/Edit.aspx?sectionname=ColonneGauche&ReturnURL=http%3a%2f%2flocalhost%3a49739%2fpage.aspx%3fid%3de9dbb300-23b8-4fd7-ab28-d224c7f7f7c2
25/04/2016 15:34:41 WinNT ::1 admin True /page.aspx?id=e9dbb300-23b8-4fd7-ab28-d224c7f7f7c2
25/04/2016 15:34:49 WinNT ::1 admin True /page/menu1.aspx
25/04/2016 15:35:08 WinNT ::1 admin True /page/menu1.aspx
25/04/2016 15:35:23 WinNT ::1 admin True /page/This-page-is-reserved-to-members.aspx
25/04/2016 15:35:29 WinNT ::1 admin True /page/Sample-of-CSSs-automatic-styles.aspx
25/04/2016 15:36:19 WinNT ::1 admin True /page/Not-Published.aspx
25/04/2016 15:36:19 WinNT ::1 admin True /PageErreur.Aspx?msg=La%20page%20:%22Not%20Published%22%20n%27est%20pas%20encore%20publi%c3%a9e
25/04/2016 15:36:23 WinNT ::1 admin True /page/Brunos-page.aspx
25/04/2016 15:36:43 WinNT ::1 admin True /
25/04/2016 15:36:43 WinNT ::1 admin True /
25/04/2016 15:36:45 WinNT ::1 admin True /page/Bruno-page.aspx
25/04/2016 15:37:00 WinNT ::1 admin True /page/Bruno-page.aspx
25/04/2016 15:37:03 WinNT ::1 admin True /page/Sample-of-CSSs-automatic-styles.aspx
25/04/2016 15:37:08 WinNT ::1 admin True /page/Not-Published.aspx
25/04/2016 15:37:08 WinNT ::1 admin True /PageErreur.Aspx?msg=La%20page%20:%22Not%20Published%22%20n%27est%20pas%20encore%20publi%c3%a9e
25/04/2016 15:37:09 WinNT ::1 admin True /page/Bruno-page.aspx
25/04/2016 15:37:31 WinNT ::1 admin True /page/Help-pages-of-the-Dynamic-Showcase-Site.aspx
25/04/2016 15:37:57 WinNT ::1 admin True /Admin/Page/SiteMap.aspx
25/04/2016 15:38:05 WinNT ::1 admin True /
25/04/2016 15:38:05 WinNT ::1 admin True /
25/04/2016 15:38:11 WinNT ::1 admin True /page/Help-pages-of-the-Dynamic-Showcase-Site.aspx
25/04/2016 15:38:40 WinNT ::1 admin True /Admin/Page/SiteMap.aspx
25/04/2016 15:38:56 WinNT ::1 admin True /
25/04/2016 15:38:56 WinNT ::1 admin True /
25/04/2016 15:38:58 WinNT ::1 admin True /page/Bruno-page.aspx
25/04/2016 15:39:01 WinNT ::1 admin True /page/Help-pages-of-the-Dynamic-Showcase-Site.aspx
25/04/2016 15:39:04 WinNT ::1 admin True /page/Not-Published.aspx
25/04/2016 15:39:04 WinNT ::1 admin True /PageErreur.Aspx?msg=La%20page%20:%22Not%20Published%22%20n%27est%20pas%20encore%20publi%c3%a9e
25/04/2016 15:39:07 WinNT ::1 admin True /page/Sample-of-CSSs-automatic-styles.aspx
25/04/2016 15:39:10 WinNT ::1 admin True /page/This-page-is-reserved-to-members.aspx
25/04/2016 15:39:13 WinNT ::1 admin True /page/Not-Published.aspx
25/04/2016 15:39:14 WinNT ::1 admin True /PageErreur.Aspx?msg=La%20page%20:%22Not%20Published%22%20n%27est%20pas%20encore%20publi%c3%a9e
25/04/2016 15:39:17 WinNT ::1 admin True /page/Sample-of-CSSs-automatic-styles.aspx
25/04/2016 15:39:23 WinNT ::1 admin True /Default.aspx
25/04/2016 15:39:23 WinNT ::1 admin True /Default.aspx
25/04/2016 15:39:33 WinNT ::1 admin True /WebContent/Edit.aspx?sectionname=ColonneDroite&ReturnURL=http%3a%2f%2flocalhost%3a49739%2fDefault.aspx%3fid%3da804ff1a-39d2-4cab-982b-a9a0cfe599ac
25/04/2016 15:40:10 WinNT ::1 admin True /Default.aspx?id=a804ff1a-39d2-4cab-982b-a9a0cfe599ac
25/04/2016 15:40:10 WinNT ::1 admin True /Default.aspx?id=a804ff1a-39d2-4cab-982b-a9a0cfe599ac
25/04/2016 15:40:14 WinNT ::1 admin True /page/Home-page.aspx
25/04/2016 15:40:15 WinNT ::1 admin True /page/Where-all-this-come-from-.aspx
25/04/2016 15:40:19 WinNT ::1 admin True /WebContent/Edit.aspx?sectionname=ColonneDroite&ReturnURL=http%3a%2f%2flocalhost%3a49739%2fpage.aspx%3fid%3d98ff986f-e463-428a-aac9-8279b03e89cb
25/04/2016 15:40:29 WinNT ::1 admin True /page/This-page-is-reserved-to-members.aspx
25/04/2016 15:40:30 WinNT ::1 admin True /page/Sample-of-CSSs-automatic-styles.aspx
25/04/2016 15:40:32 WinNT ::1 admin True /page/Bruno-page.aspx
25/04/2016 15:42:10 WinNT ::1 admin True /
25/04/2016 15:42:10 WinNT ::1 admin True /
25/04/2016 15:42:12 WinNT ::1 admin True /page/Bruno-page.aspx
25/04/2016 15:42:18 WinNT ::1 admin True /WebContent/Edit.aspx?sectionname=BandeauSite&ReturnURL=http%3a%2f%2flocalhost%3a49739%2fpage.aspx%3fid%3db476d20a-fc3c-41d7-93e4-bc0c3a068a24
25/04/2016 15:42:26 WinNT ::1 admin True /page.aspx?id=b476d20a-fc3c-41d7-93e4-bc0c3a068a24
25/04/2016 15:42:28 WinNT ::1 admin True /page/Home-page.aspx
25/04/2016 15:43:01 WinNT ::1 admin True /
25/04/2016 15:43:01 WinNT ::1 admin True /
25/04/2016 15:43:05 WinNT ::1 admin True /page/This-page-is-reserved-to-members.aspx
25/04/2016 15:43:08 WinNT ::1 admin True /Member/Details.aspx
25/04/2016 15:43:09 WinNT ::1 admin True /Member/Manage.aspx
25/04/2016 15:43:10 WinNT ::1 admin True /Member/ManageRoles.aspx
25/04/2016 15:47:11 WinNT ::1  False /Default.aspx
25/04/2016 15:47:11 WinNT ::1  False /Default.aspx
25/04/2016 15:47:29 WinNT ::1 admin True /Default.aspx?id=a804ff1a-39d2-4cab-982b-a9a0cfe599ac
25/04/2016 15:47:29 WinNT ::1 admin True /Default.aspx?id=a804ff1a-39d2-4cab-982b-a9a0cfe599ac
25/04/2016 15:47:31 WinNT ::1 admin True /WebContent/Edit.aspx?sectionname=ColonneGauche&ReturnURL=http%3a%2f%2flocalhost%3a49739%2fDefault.aspx%3fid%3da804ff1a-39d2-4cab-982b-a9a0cfe599ac
25/04/2016 15:47:48 WinNT ::1 admin True /Default.aspx?id=a804ff1a-39d2-4cab-982b-a9a0cfe599ac
25/04/2016 15:47:48 WinNT ::1 admin True /Default.aspx?id=a804ff1a-39d2-4cab-982b-a9a0cfe599ac
25/04/2016 15:47:52 WinNT ::1  False /Default.aspx
25/04/2016 15:47:52 WinNT ::1  False /Default.aspx
25/04/2016 15:48:16 WinNT ::1 admin True /Default.aspx?id=a804ff1a-39d2-4cab-982b-a9a0cfe599ac
25/04/2016 15:48:16 WinNT ::1 admin True /Default.aspx?id=a804ff1a-39d2-4cab-982b-a9a0cfe599ac
25/04/2016 15:48:22 WinNT ::1 admin True /WebContent/Edit.aspx?sectionname=EnpiedSite&ReturnURL=http%3a%2f%2flocalhost%3a49739%2fDefault.aspx%3fid%3da804ff1a-39d2-4cab-982b-a9a0cfe599ac
25/04/2016 15:50:09 WinNT ::1 admin True /Default.aspx?id=a804ff1a-39d2-4cab-982b-a9a0cfe599ac
25/04/2016 15:50:09 WinNT ::1 admin True /Default.aspx?id=a804ff1a-39d2-4cab-982b-a9a0cfe599ac
25/04/2016 15:50:11 WinNT ::1  False /Default.aspx
25/04/2016 15:50:11 WinNT ::1  False /Default.aspx
25/04/2016 15:51:57 WinNT ::1  False /page/Title-of-main-menu.aspx
25/04/2016 15:52:21 WinNT ::1  False /page/Home-page.aspx
25/04/2016 16:06:06 WinNT ::1 admin True /page.aspx?id=a804ff1a-39d2-4cab-982b-a9a0cfe599ac
25/04/2016 16:06:34 WinNT ::1 admin True /Admin/Page/StyleSheet.aspx
25/04/2016 16:55:58 WinNT ::1  False /
25/04/2016 16:55:58 WinNT ::1  False /
25/04/2016 16:56:12 WinNT ::1  False /
25/04/2016 16:56:12 WinNT ::1  False /
25/04/2016 16:56:42 WinNT ::1 admin True /default.aspx
25/04/2016 16:56:42 WinNT ::1 admin True /default.aspx
25/04/2016 17:00:06 WinNT ::1 admin True /
25/04/2016 17:00:06 WinNT ::1 admin True /