19/08/2015 11:00:10 WinNT ::1  False /
19/08/2015 11:00:10 WinNT ::1  False /
19/08/2015 11:06:52 WinNT ::1  False /Member/Register.aspx
19/08/2015 15:33:20 WinNT ::1  False /
19/08/2015 15:33:20 WinNT ::1  False /
19/08/2015 15:58:15 WinNT ::1  False /
19/08/2015 15:58:15 WinNT ::1  False /
19/08/2015 16:10:52 WinNT ::1  False /
19/08/2015 16:10:52 WinNT ::1  False /
19/08/2015 16:11:07 WinNT ::1  False /
19/08/2015 16:11:07 WinNT ::1  False /
19/08/2015 16:14:08 WinNT ::1  False /
19/08/2015 16:14:08 WinNT ::1  False /
19/08/2015 16:14:27 WinNT ::1 admin True /default.aspx
19/08/2015 16:14:27 WinNT ::1 admin True /default.aspx
19/08/2015 16:15:07 WinNT ::1 admin True /
19/08/2015 16:15:08 WinNT ::1 admin True /
19/08/2015 16:15:20 WinNT ::1 admin True /Admin/Page/StyleSheet.aspx
19/08/2015 16:15:48 WinNT ::1 admin True /Admin/Page/SiteMap.aspx
19/08/2015 16:15:56 WinNT ::1 admin True /Admin/Page/SmtpServeur.aspx
19/08/2015 16:15:59 WinNT ::1 admin True /Admin/Page/LogUser.aspx
19/08/2015 16:16:32 WinNT ::1 admin True /Admin/Page/StyleSheet.aspx
19/08/2015 16:22:32 WinNT ::1 admin True /
19/08/2015 16:22:32 WinNT ::1 admin True /
19/08/2015 16:27:49 WinNT ::1  False /
19/08/2015 16:27:49 WinNT ::1  False /
19/08/2015 16:27:59 WinNT ::1 admin True /default.aspx
19/08/2015 16:27:59 WinNT ::1 admin True /default.aspx
19/08/2015 16:33:04 WinNT ::1 admin True /Admin/Page/SiteMap.aspx
19/08/2015 16:33:59 WinNT ::1 admin True /Admin/Page/SiteMap.aspx
19/08/2015 16:35:22 WinNT ::1 admin True /Admin/Page/SiteMap.aspx
19/08/2015 16:35:54 WinNT ::1 admin True /Admin/Page/SmtpServeur.aspx
19/08/2015 16:35:55 WinNT ::1 admin True /Admin/Page/SiteMap.aspx
19/08/2015 16:37:16 WinNT ::1 admin True /Admin/Page/SiteMap.aspx
19/08/2015 16:38:45 WinNT ::1 admin True /
19/08/2015 16:38:45 WinNT ::1 admin True /
19/08/2015 16:40:31 WinNT ::1 admin True /
19/08/2015 16:40:31 WinNT ::1 admin True /
19/08/2015 16:42:22 WinNT ::1 admin True /
19/08/2015 16:42:22 WinNT ::1 admin True /
19/08/2015 17:08:03 WinNT ::1  False /
19/08/2015 17:08:03 WinNT ::1  False /
19/08/2015 17:10:00 WinNT ::1  False /
19/08/2015 17:10:00 WinNT ::1  False /
19/08/2015 17:11:45 WinNT ::1  False /
19/08/2015 17:11:45 WinNT ::1  False /
19/08/2015 17:12:44 WinNT ::1  False /
19/08/2015 17:12:44 WinNT ::1  False /
19/08/2015 17:14:08 WinNT ::1 admin True /default.aspx
19/08/2015 17:14:08 WinNT ::1 admin True /default.aspx
19/08/2015 17:14:15 WinNT ::1 admin True /Admin/Page/Settings.aspx
19/08/2015 17:14:53 WinNT ::1  False /
19/08/2015 17:14:53 WinNT ::1  False /
19/08/2015 17:15:00 WinNT ::1 admin True /default.aspx
19/08/2015 17:15:00 WinNT ::1 admin True /default.aspx
19/08/2015 17:15:05 WinNT ::1 admin True /Admin/Page/Settings.aspx
19/08/2015 17:19:11 WinNT ::1  False /
19/08/2015 17:19:11 WinNT ::1  False /
19/08/2015 17:19:18 WinNT ::1 admin True /default.aspx
19/08/2015 17:19:18 WinNT ::1 admin True /default.aspx
19/08/2015 17:19:21 WinNT ::1 admin True /Admin/Page/Settings.aspx
19/08/2015 17:27:31 WinNT ::1 admin True /
19/08/2015 17:27:31 WinNT ::1 admin True /
19/08/2015 17:28:29 WinNT ::1 admin True /
19/08/2015 17:28:29 WinNT ::1 admin True /
19/08/2015 17:29:22 WinNT ::1 admin True /
19/08/2015 17:29:22 WinNT ::1 admin True /
19/08/2015 17:29:28 WinNT ::1 admin True /Admin/Page/Settings.aspx
19/08/2015 18:01:24 WinNT ::1  False /
19/08/2015 18:01:24 WinNT ::1  False /
19/08/2015 18:03:34 WinNT ::1  False /
19/08/2015 18:03:34 WinNT ::1  False /
20/08/2015 10:10:55 WinNT ::1  False /SiteVitrine.Web/
20/08/2015 10:10:56 WinNT ::1  False /SiteVitrine.Web/
20/08/2015 10:11:26 WinNT ::1 admin True /SiteVitrine.Web/Default.aspx
20/08/2015 10:11:26 WinNT ::1 admin True /SiteVitrine.Web/Default.aspx
20/08/2015 10:14:24 WinNT ::1  False /
20/08/2015 10:14:24 WinNT ::1  False /
20/08/2015 10:25:08 WinNT ::1 admin True /default.aspx
20/08/2015 10:25:08 WinNT ::1 admin True /default.aspx
20/08/2015 10:26:00 WinNT ::1  False /
20/08/2015 10:26:00 WinNT ::1  False /
20/08/2015 10:43:50 WinNT ::1  False /
20/08/2015 10:43:50 WinNT ::1  False /
20/08/2015 10:43:59 WinNT ::1 admin True /default.aspx
20/08/2015 10:43:59 WinNT ::1 admin True /default.aspx
20/08/2015 10:45:09 WinNT ::1 admin True /
20/08/2015 10:45:09 WinNT ::1 admin True /
20/08/2015 10:45:14 WinNT ::1 admin True /Admin/Page/Settings.aspx
20/08/2015 10:45:18 WinNT ::1 admin True /Admin/Page/SmtpServeur.aspx
20/08/2015 10:45:19 WinNT ::1 admin True /Admin/Page/SiteMap.aspx
20/08/2015 10:45:19 WinNT ::1 admin True /Admin/Page/StyleSheet.aspx
20/08/2015 10:45:23 WinNT ::1 admin True /Admin/Page/SiteMap.aspx
20/08/2015 10:46:51 WinNT ::1  False /
20/08/2015 10:46:51 WinNT ::1  False /
20/08/2015 10:56:38 WinNT ::1  False /
20/08/2015 10:56:38 WinNT ::1  False /
20/08/2015 10:59:40 WinNT ::1  False /SiteVitrine.Web/
20/08/2015 10:59:40 WinNT ::1  False /SiteVitrine.Web/
20/08/2015 11:01:21 WinNT ::1  False /
20/08/2015 11:01:21 WinNT ::1  False /
20/08/2015 11:01:44 WinNT ::1  False /
20/08/2015 11:01:44 WinNT ::1  False /
20/08/2015 11:02:12 WinNT ::1  False /
20/08/2015 11:02:12 WinNT ::1  False /
20/08/2015 11:02:13 WinNT ::1  False /
20/08/2015 11:02:13 WinNT ::1  False /
20/08/2015 11:02:21 WinNT ::1 admin True /default.aspx
20/08/2015 11:02:21 WinNT ::1 admin True /default.aspx
20/08/2015 11:02:23 WinNT ::1 admin True /Admin/Page/Settings.aspx
20/08/2015 11:02:26 WinNT ::1 admin True /Admin/Page/SiteMap.aspx
20/08/2015 11:02:29 WinNT ::1 admin True /Admin/Page/StyleSheet.aspx
20/08/2015 11:16:47 WinNT ::1 admin True /
20/08/2015 11:16:47 WinNT ::1 admin True /
20/08/2015 11:17:11 WinNT ::1 admin True /
20/08/2015 11:17:11 WinNT ::1 admin True /
20/08/2015 11:20:29 WinNT ::1  False /SiteVitrine.Web/
20/08/2015 11:20:29 WinNT ::1  False /SiteVitrine.Web/
20/08/2015 11:21:41 WinNT ::1  False /
20/08/2015 11:21:41 WinNT ::1  False /
20/08/2015 11:21:53 WinNT ::1 admin True /default.aspx
20/08/2015 11:21:53 WinNT ::1 admin True /default.aspx
20/08/2015 11:21:56 WinNT ::1 admin True /Admin/Page/Settings.aspx
20/08/2015 11:21:59 WinNT ::1 admin True /Admin/Page/StyleSheet.aspx
20/08/2015 11:23:01 WinNT ::1 admin True /
20/08/2015 11:23:01 WinNT ::1 admin True /
20/08/2015 11:39:09 WinNT ::1  False /
20/08/2015 11:39:09 WinNT ::1  False /
20/08/2015 12:13:07 WinNT ::1  False /
20/08/2015 12:13:08 WinNT ::1  False /
21/08/2015 12:12:48 WinNT ::1  False /SiteVitrine.Web/
21/08/2015 12:12:48 WinNT ::1  False /SiteVitrine.Web/
21/08/2015 12:14:31 WinNT ::1  False /SiteVitrine.Web/
21/08/2015 12:14:31 WinNT ::1  False /SiteVitrine.Web/
21/08/2015 12:17:38 WinNT ::1  False /SiteVitrine.Web/
21/08/2015 12:17:38 WinNT ::1  False /SiteVitrine.Web/
21/08/2015 12:18:13 WinNT ::1  False /SiteVitrine.Web/Default.aspx
21/08/2015 12:18:13 WinNT ::1  False /SiteVitrine.Web/Default.aspx
21/08/2015 12:20:51 WinNT ::1  False /
21/08/2015 12:20:51 WinNT ::1  False /
21/08/2015 12:23:28 WinNT ::1  False /
21/08/2015 12:23:28 WinNT ::1  False /
21/08/2015 12:23:52 WinNT ::1 admin True /default.aspx
21/08/2015 12:23:52 WinNT ::1 admin True /default.aspx
21/08/2015 12:24:29 WinNT ::1 admin True /Admin/Page/SiteMap.aspx
21/08/2015 12:27:10 WinNT ::1 admin True /
21/08/2015 12:27:10 WinNT ::1 admin True /
21/08/2015 12:27:31 WinNT ::1 admin True /Admin/Page/Settings.aspx
21/08/2015 12:28:53 WinNT ::1 admin True /
21/08/2015 12:28:53 WinNT ::1 admin True /
21/08/2015 12:29:35 WinNT ::1 admin True /Admin/Page/Settings.aspx
21/08/2015 12:30:52 WinNT ::1 admin True /Admin/Page/Settings.aspx
21/08/2015 12:31:08 WinNT ::1 admin True /
21/08/2015 12:31:08 WinNT ::1 admin True /
21/08/2015 12:31:13 WinNT ::1 admin True /Admin/Page/Settings.aspx
21/08/2015 12:43:13 WinNT ::1 admin True /
21/08/2015 12:43:13 WinNT ::1 admin True /
21/08/2015 12:43:21 WinNT ::1 admin True /Admin/Page/SiteMap.aspx
21/08/2015 12:44:03 WinNT ::1 admin True /Admin/Page/SiteMap.aspx
21/08/2015 12:44:16 WinNT ::1 admin True /
21/08/2015 12:44:16 WinNT ::1 admin True /
21/08/2015 12:44:18 WinNT ::1 admin True /Admin/Page/SiteMap.aspx
21/08/2015 12:46:18 WinNT ::1 admin True /
21/08/2015 12:46:18 WinNT ::1 admin True /
21/08/2015 12:46:25 WinNT ::1 admin True /Admin/Page/SiteMap.aspx
21/08/2015 12:46:52 WinNT ::1 admin True /
21/08/2015 12:46:52 WinNT ::1 admin True /
21/08/2015 12:49:39 WinNT ::1 admin True /
21/08/2015 12:49:39 WinNT ::1 admin True /
21/08/2015 12:53:07 WinNT ::1 admin True /
21/08/2015 12:53:07 WinNT ::1 admin True /
21/08/2015 15:01:37 WinNT ::1 admin True /
21/08/2015 15:01:54 WinNT ::1 admin True /
21/08/2015 15:05:43 WinNT ::1 admin True /
21/08/2015 15:05:43 WinNT ::1 admin True /
21/08/2015 15:11:50 WinNT ::1  False /sitevitrine.web/PageErreur.aspx
21/08/2015 15:12:17 WinNT ::1 admin True /sitevitrine.web/PageErreur.aspx
21/08/2015 15:12:47 WinNT ::1  False /
21/08/2015 15:12:47 WinNT ::1  False /
21/08/2015 15:13:03 WinNT ::1 admin True /default.aspx?id=a804ff1a-39d2-4cab-982b-a9a0cfe599ac
21/08/2015 15:13:03 WinNT ::1 admin True /default.aspx?id=a804ff1a-39d2-4cab-982b-a9a0cfe599ac
21/08/2015 15:13:11 WinNT ::1 admin True /
21/08/2015 15:13:11 WinNT ::1 admin True /
21/08/2015 15:21:28 WinNT ::1  False /SiteVitrine.Web/
21/08/2015 15:21:28 WinNT ::1  False /SiteVitrine.Web/
21/08/2015 15:21:39 WinNT ::1 admin True /SiteVitrine.Web/Default.aspx?id=a804ff1a-39d2-4cab-982b-a9a0cfe599ac
21/08/2015 15:21:39 WinNT ::1 admin True /SiteVitrine.Web/Default.aspx?id=a804ff1a-39d2-4cab-982b-a9a0cfe599ac
21/08/2015 15:22:00 WinNT ::1 admin True /SiteVitrine.Web/
21/08/2015 15:22:00 WinNT ::1 admin True /SiteVitrine.Web/
21/08/2015 15:22:05 WinNT ::1 admin True /SiteVitrine.Web/Admin/Page/Settings.aspx
21/08/2015 15:23:13 WinNT ::1 admin True /SiteVitrine.Web/
21/08/2015 15:23:13 WinNT ::1 admin True /SiteVitrine.Web/
21/08/2015 15:23:37 WinNT ::1 admin True /SiteVitrine.Web/Member/Details.aspx
21/08/2015 15:23:40 WinNT ::1 admin True /SiteVitrine.Web/Admin/Page/Settings.aspx
21/08/2015 15:24:16 WinNT ::1  False /
21/08/2015 15:24:16 WinNT ::1  False /
21/08/2015 15:24:21 WinNT ::1 admin True /default.aspx?id=a804ff1a-39d2-4cab-982b-a9a0cfe599ac
21/08/2015 15:24:21 WinNT ::1 admin True /default.aspx?id=a804ff1a-39d2-4cab-982b-a9a0cfe599ac
21/08/2015 15:24:24 WinNT ::1 admin True /Admin/Page/Settings.aspx
21/08/2015 15:24:26 WinNT ::1 admin True /
21/08/2015 15:24:26 WinNT ::1 admin True /
21/08/2015 15:24:51 WinNT ::1  False /SiteVitrine.Web/
21/08/2015 15:24:51 WinNT ::1  False /SiteVitrine.Web/
21/08/2015 15:24:51 WinNT ::1  False /SiteVitrine.Web/
21/08/2015 15:24:51 WinNT ::1  False /SiteVitrine.Web/
21/08/2015 15:25:39 WinNT ::1  False /SiteVitrine.Web/
21/08/2015 15:25:39 WinNT ::1  False /SiteVitrine.Web/
21/08/2015 15:26:45 WinNT ::1  False /SiteVitrine.Web/
21/08/2015 15:26:45 WinNT ::1  False /SiteVitrine.Web/
21/08/2015 15:27:45 WinNT ::1  False /SiteVitrine.Web/
21/08/2015 15:27:45 WinNT ::1  False /SiteVitrine.Web/
21/08/2015 15:30:57 WinNT ::1  False /SiteVitrine.Web/
21/08/2015 15:30:57 WinNT ::1  False /SiteVitrine.Web/
21/08/2015 15:31:02 WinNT ::1 admin True /SiteVitrine.Web/Default.aspx?id=a804ff1a-39d2-4cab-982b-a9a0cfe599ac
21/08/2015 15:31:02 WinNT ::1 admin True /SiteVitrine.Web/Default.aspx?id=a804ff1a-39d2-4cab-982b-a9a0cfe599ac
21/08/2015 15:31:17 WinNT ::1 admin True /SiteVitrine.Web/Admin/Page/Settings.aspx
21/08/2015 15:32:07 WinNT ::1  False /SiteVitrine.Web/
21/08/2015 15:32:07 WinNT ::1  False /SiteVitrine.Web/
21/08/2015 15:32:10 WinNT ::1 admin True /SiteVitrine.Web/Default.aspx?id=a804ff1a-39d2-4cab-982b-a9a0cfe599ac
21/08/2015 15:32:10 WinNT ::1 admin True /SiteVitrine.Web/Default.aspx?id=a804ff1a-39d2-4cab-982b-a9a0cfe599ac
21/08/2015 15:32:12 WinNT ::1 admin True /SiteVitrine.Web/Admin/Page/Settings.aspx
21/08/2015 15:33:31 WinNT ::1  False /SiteVitrine.Web/
21/08/2015 15:33:31 WinNT ::1  False /SiteVitrine.Web/
21/08/2015 15:33:35 WinNT ::1 admin True /SiteVitrine.Web/Default.aspx?id=a804ff1a-39d2-4cab-982b-a9a0cfe599ac
21/08/2015 15:33:35 WinNT ::1 admin True /SiteVitrine.Web/Default.aspx?id=a804ff1a-39d2-4cab-982b-a9a0cfe599ac
21/08/2015 15:33:47 WinNT ::1 admin True /SiteVitrine.Web/Admin/Page/Settings.aspx
21/08/2015 15:36:53 WinNT ::1  False /
21/08/2015 15:36:53 WinNT ::1  False /
21/08/2015 15:37:44 WinNT ::1 admin True /SiteVitrine.Web/default.aspx
21/08/2015 15:37:44 WinNT ::1 admin True /SiteVitrine.Web/default.aspx
21/08/2015 15:37:49 WinNT ::1 admin True /SiteVitrine.Web/Admin/Page/Settings.aspx
21/08/2015 15:37:53 WinNT ::1 admin True /SiteVitrine.Web/
21/08/2015 15:37:53 WinNT ::1 admin True /SiteVitrine.Web/
21/08/2015 15:39:05 WinNT ::1  False /aaa/
21/08/2015 15:39:05 WinNT ::1  False /aaa/
21/08/2015 15:39:11 WinNT ::1 admin True /aaa/Default.aspx?id=a804ff1a-39d2-4cab-982b-a9a0cfe599ac
21/08/2015 15:39:11 WinNT ::1 admin True /aaa/Default.aspx?id=a804ff1a-39d2-4cab-982b-a9a0cfe599ac
21/08/2015 15:39:14 WinNT ::1 admin True /aaa/Admin/Page/Settings.aspx
21/08/2015 15:39:17 WinNT ::1 admin True /aaa/
21/08/2015 15:39:17 WinNT ::1 admin True /aaa/
21/08/2015 15:39:26 WinNT ::1 admin True /aaa/Admin/Page/Settings.aspx
21/08/2015 15:40:42 WinNT ::1  False /aaa/
21/08/2015 15:40:42 WinNT ::1  False /aaa/
21/08/2015 15:40:47 WinNT ::1 admin True /aaa/Default.aspx?id=a804ff1a-39d2-4cab-982b-a9a0cfe599ac
21/08/2015 15:40:47 WinNT ::1 admin True /aaa/Default.aspx?id=a804ff1a-39d2-4cab-982b-a9a0cfe599ac
21/08/2015 15:40:50 WinNT ::1 admin True /aaa/Admin/Page/Settings.aspx
21/08/2015 15:42:40 WinNT ::1  False /aaa/
21/08/2015 15:42:40 WinNT ::1  False /aaa/
21/08/2015 15:42:51 WinNT ::1  False /aaa/
21/08/2015 15:42:51 WinNT ::1  False /aaa/
21/08/2015 15:42:51 WinNT ::1  False /aaa/
21/08/2015 15:42:51 WinNT ::1  False /aaa/
21/08/2015 15:42:51 WinNT ::1  False /aaa/
21/08/2015 15:42:51 WinNT ::1  False /aaa/
21/08/2015 15:42:52 WinNT ::1  False /aaa/
21/08/2015 15:42:52 WinNT ::1  False /aaa/
21/08/2015 15:42:54 WinNT ::1 admin True /aaa/Default.aspx?id=a804ff1a-39d2-4cab-982b-a9a0cfe599ac
21/08/2015 15:42:54 WinNT ::1 admin True /aaa/Default.aspx?id=a804ff1a-39d2-4cab-982b-a9a0cfe599ac
21/08/2015 15:42:57 WinNT ::1 admin True /aaa/Admin/Page/Settings.aspx
21/08/2015 15:44:49 WinNT ::1  False /
21/08/2015 15:44:49 WinNT ::1  False /
21/08/2015 15:45:36 WinNT ::1 admin True /aaa/
21/08/2015 15:45:36 WinNT ::1 admin True /aaa/
21/08/2015 15:45:39 WinNT ::1 admin True /aaa/
21/08/2015 15:45:39 WinNT ::1 admin True /aaa/
21/08/2015 15:45:40 WinNT ::1 admin True /aaa/
21/08/2015 15:45:40 WinNT ::1 admin True /aaa/
21/08/2015 15:45:44 WinNT ::1 admin True /aaa/Admin/Page/Settings.aspx
21/08/2015 15:45:47 WinNT ::1 admin True /aaa/Admin/Page/Settings.aspx
21/08/2015 15:45:50 WinNT ::1 admin True /aaa/Admin/Page/Settings.aspx
21/08/2015 15:45:51 WinNT ::1 admin True /aaa/Admin/Page/Settings.aspx
21/08/2015 15:45:53 WinNT ::1 admin True /aaa/Admin/Page/Settings.aspx
21/08/2015 15:45:54 WinNT ::1 admin True /aaa/
21/08/2015 15:45:54 WinNT ::1 admin True /aaa/
21/08/2015 15:45:56 WinNT ::1 admin True /aaa/Admin/Page/Settings.aspx
21/08/2015 15:46:04 WinNT ::1 admin True /aaa/
21/08/2015 15:46:04 WinNT ::1 admin True /aaa/
21/08/2015 15:46:11 WinNT ::1 admin True /aaa/Admin/Page/Settings.aspx
21/08/2015 15:46:15 WinNT ::1 admin True /aaa/Admin/Page/Settings.aspx
21/08/2015 15:46:17 WinNT ::1 admin True /aaa/Admin/Page/Settings.aspx
21/08/2015 15:46:18 WinNT ::1 admin True /aaa/Admin/Page/Settings.aspx
21/08/2015 15:46:20 WinNT ::1 admin True /aaa/
21/08/2015 15:46:20 WinNT ::1 admin True /aaa/
21/08/2015 15:46:40 WinNT ::1  False /aaa/
21/08/2015 15:46:40 WinNT ::1  False /aaa/
21/08/2015 16:03:09 WinNT ::1  False /
21/08/2015 16:03:09 WinNT ::1  False /
21/08/2015 16:03:15 WinNT ::1 admin True /default.aspx?id=a804ff1a-39d2-4cab-982b-a9a0cfe599ac
21/08/2015 16:03:15 WinNT ::1 admin True /default.aspx?id=a804ff1a-39d2-4cab-982b-a9a0cfe599ac
21/08/2015 16:03:23 WinNT ::1 admin True /Admin/Page/Settings.aspx
21/08/2015 16:03:46 WinNT ::1 admin True /Admin/Page/Settings.aspx
21/08/2015 16:03:48 WinNT ::1 admin True /
21/08/2015 16:03:48 WinNT ::1 admin True /
21/08/2015 16:15:21 WinNT ::1 admin True /
21/08/2015 16:15:21 WinNT ::1 admin True /
21/08/2015 16:38:24 WinNT ::1 admin True /
21/08/2015 16:38:24 WinNT ::1 admin True /
21/08/2015 16:38:44 WinNT ::1 admin True /page/Page-reservee.aspx
21/08/2015 16:39:14 WinNT ::1 admin True /page/La-page-daccueil.aspx
21/08/2015 16:58:46 WinNT ::1  False /page/Laide-du-Questionnaire-en-ligne.aspx
21/08/2015 17:00:46 WinNT ::1  False /
21/08/2015 17:00:46 WinNT ::1  False /
21/08/2015 17:00:51 WinNT ::1 admin True /default.aspx?id=a804ff1a-39d2-4cab-982b-a9a0cfe599ac
21/08/2015 17:00:51 WinNT ::1 admin True /default.aspx?id=a804ff1a-39d2-4cab-982b-a9a0cfe599ac
21/08/2015 17:00:57 WinNT ::1 admin True /
21/08/2015 17:00:57 WinNT ::1 admin True /
21/08/2015 17:01:01 WinNT ::1 admin True /page/menu-12.aspx
21/08/2015 17:01:16 WinNT ::1 admin True /page/menu-12.aspx
21/08/2015 17:01:20 WinNT ::1 admin True /page/Page-reservee.aspx
21/08/2015 17:01:22 WinNT ::1 admin True /page/la-page-de-bruno-eu.aspx
21/08/2015 17:01:25 WinNT ::1 admin True /page/aaa.aspx
21/08/2015 17:01:59 WinNT ::1 admin True /page/la-page-de-bruno-eu.aspx
21/08/2015 17:02:03 WinNT ::1 admin True /page/ddd.aspx
21/08/2015 17:02:13 WinNT ::1 admin True /page/Page-reservee.aspx
21/08/2015 17:02:16 WinNT ::1 admin True /page/la-page-de-bruno-eu.aspx
21/08/2015 17:02:18 WinNT ::1 admin True /
21/08/2015 17:02:19 WinNT ::1 admin True /
21/08/2015 17:02:20 WinNT ::1 admin True /page/Page-reservee.aspx
21/08/2015 17:02:24 WinNT ::1 admin True /page/aaa.aspx
21/08/2015 17:02:37 WinNT ::1 admin True /page/aaa.aspx
21/08/2015 17:02:51 WinNT ::1 admin True /Admin/Page/SiteMap.aspx
21/08/2015 17:02:53 WinNT ::1 admin True /Admin/Page/Settings.aspx
21/08/2015 17:02:55 WinNT ::1 admin True /Admin/Page/StyleSheet.aspx
21/08/2015 17:06:24 WinNT ::1  False /Vitrine/
21/08/2015 17:06:24 WinNT ::1  False /Vitrine/
21/08/2015 17:06:28 WinNT ::1  False /Vitrine/page/aaa.aspx
21/08/2015 17:06:28 WinNT ::1  False /Vitrine/PageErreur.Aspx?msg=La%20page%20:%22aaa%22%20n%27est%20pas%20encore%20publi%c3%a9e
21/08/2015 17:06:32 WinNT ::1  False /Vitrine/page/ddd.aspx
21/08/2015 17:06:35 WinNT ::1  False /Vitrine/page/La-page-daccueil.aspx
21/08/2015 17:06:57 WinNT ::1 admin True /Vitrine/page/Page-reservee.aspx
21/08/2015 17:06:58 WinNT ::1 admin True /Vitrine/page/aaa.aspx
21/08/2015 17:06:58 WinNT ::1 admin True /Vitrine/PageErreur.Aspx?msg=La%20page%20:%22aaa%22%20n%27est%20pas%20encore%20publi%c3%a9e
21/08/2015 17:07:01 WinNT ::1 admin True /Vitrine/page/la-page-de-bruno-eu.aspx
21/08/2015 17:08:44 WinNT ::1 admin True /Vitrine/Admin/Page/StyleSheet.aspx
17/11/2015 11:56:58 WinNT ::1  False /
17/11/2015 11:56:59 WinNT ::1  False /
17/11/2015 11:57:12 WinNT ::1 admin True /default.aspx?id=a804ff1a-39d2-4cab-982b-a9a0cfe599ac
17/11/2015 11:57:12 WinNT ::1 admin True /default.aspx?id=a804ff1a-39d2-4cab-982b-a9a0cfe599ac
17/11/2015 11:57:30 WinNT ::1 admin True /page/Menu-3-long-texte.aspx
17/11/2015 11:57:38 WinNT ::1 admin True /page/la-page-de-bruno-eu.aspx
17/11/2015 11:57:46 WinNT ::1 admin True /page/aaa.aspx
17/11/2015 11:58:10 WinNT ::1 admin True /Admin/Page/SiteMap.aspx
17/11/2015 11:58:26 WinNT ::1 admin True /
17/11/2015 11:58:26 WinNT ::1 admin True /
17/11/2015 11:58:33 WinNT ::1 admin True /page/ddd.aspx
17/11/2015 11:58:47 WinNT ::1 admin True /page/ddd.aspx
17/11/2015 11:59:04 WinNT ::1 admin True /page/Page-reservee.aspx
03/03/2016 12:21:14 WinNT ::1  False /Site.Vitrine/
03/03/2016 12:21:15 WinNT ::1  False /Site.Vitrine/
03/03/2016 12:23:13 WinNT ::1 admin True /Site.Vitrine/Default.aspx?id=a804ff1a-39d2-4cab-982b-a9a0cfe599ac
03/03/2016 12:23:13 WinNT ::1 admin True /Site.Vitrine/Default.aspx?id=a804ff1a-39d2-4cab-982b-a9a0cfe599ac
03/03/2016 12:23:18 WinNT ::1 admin True /Site.Vitrine/Member/Details.aspx
03/03/2016 14:41:05 WinNT ::1  False /
03/03/2016 14:41:05 WinNT ::1  False /
03/03/2016 14:41:46 WinNT ::1 admin True /default.aspx?id=a804ff1a-39d2-4cab-982b-a9a0cfe599ac
03/03/2016 14:41:46 WinNT ::1 admin True /default.aspx?id=a804ff1a-39d2-4cab-982b-a9a0cfe599ac
03/03/2016 14:41:53 WinNT ::1 admin True /page/ddd.aspx
03/03/2016 14:41:55 WinNT ::1 admin True /page/la-page-de-bruno-eu.aspx
03/03/2016 14:42:08 WinNT ::1 admin True /Admin/Page/Settings.aspx
03/03/2016 14:42:48 WinNT ::1  False /
03/03/2016 14:42:48 WinNT ::1  False /
03/03/2016 14:42:59 WinNT ::1 admin True /default.aspx?id=a804ff1a-39d2-4cab-982b-a9a0cfe599ac
03/03/2016 14:42:59 WinNT ::1 admin True /default.aspx?id=a804ff1a-39d2-4cab-982b-a9a0cfe599ac
03/03/2016 14:43:03 WinNT ::1 admin True /page/Page-reservee.aspx
03/03/2016 14:43:33 WinNT ::1 admin True /page/menu-6.aspx
03/03/2016 14:43:36 WinNT ::1 admin True /page/Laide-du-Questionnaire-en-ligne.aspx
03/03/2016 14:44:16 WinNT ::1 admin True /
03/03/2016 14:44:16 WinNT ::1 admin True /
03/03/2016 14:44:19 WinNT ::1 admin True /page/Page-daide-du-Site-Vitrine.aspx
03/03/2016 14:44:23 WinNT ::1 admin True /page/Page-reservee.aspx
03/03/2016 14:44:44 WinNT ::1 admin True /Admin/Page/Settings.aspx
03/03/2016 14:45:18 WinNT ::1 admin True /
03/03/2016 14:45:18 WinNT ::1 admin True /
03/03/2016 14:45:20 WinNT ::1 admin True /page/Page-reservee-aux-membres.aspx